#
# There is insufficient memory for the Java Runtime Environment to continue.
# Native memory allocation (malloc) failed to allocate 1048576 bytes for AllocateHeap
# Possible reasons:
#   The system is out of physical RAM or swap space
#   In 32 bit mode, the process size limit was hit
# Possible solutions:
#   Reduce memory load on the system
#   Increase physical memory or swap space
#   Check if swap backing store is full
#   Use 64 bit Java on a 64 bit OS
#   Decrease Java heap size (-Xmx/-Xms)
#   Decrease number of Java threads
#   Decrease Java thread stack sizes (-Xss)
#   Set larger code cache with -XX:ReservedCodeCacheSize=
# This output file may be truncated or incomplete.
#
#  Out of Memory Error (memory/allocation.inline.hpp:61), pid=14748, tid=16312
#
# JRE version:  (8.0_66-b17) (build )
# Java VM: Java HotSpot(TM) 64-Bit Server VM (25.66-b17 mixed mode windows-amd64 compressed oops)
# Failed to write core dump. Minidumps are not enabled by default on client versions of Windows
#

---------------  T H R E A D  ---------------

Current thread (0x0000000002630800):  JavaThread "Unknown thread" [_thread_in_vm, id=16312, stack(0x0000000002530000,0x0000000002630000)]

Stack: [0x0000000002530000,0x0000000002630000]
[error occurred during error reporting (printing stack bounds), id 0xc0000005]

Native frames: (J=compiled Java code, j=interpreted, Vv=VM code, C=native code)


---------------  P R O C E S S  ---------------

Java Threads: ( => current thread )

Other Threads:

=>0x0000000002630800 (exited) JavaThread "Unknown thread" [_thread_in_vm, id=16312, stack(0x0000000002530000,0x0000000002630000)]

VM state:not at safepoint (normal execution)

VM Mutex/Monitor currently owned by a thread: None

Heap:
 PSYoungGen      total 18432K, used 317K [0x00000000eb580000, 0x00000000eca00000, 0x0000000100000000)
  eden space 15872K, 2% used [0x00000000eb580000,0x00000000eb5cf5d0,0x00000000ec500000)
  from space 2560K, 0% used [0x00000000ec780000,0x00000000ec780000,0x00000000eca00000)
  to   space 2560K, 0% used [0x00000000ec500000,0x00000000ec500000,0x00000000ec780000)
 ParOldGen       total 42496K, used 0K [0x00000000c2000000, 0x00000000c4980000, 0x00000000eb580000)
  object space 42496K, 0% used [0x00000000c2000000,0x00000000c2000000,0x00000000c4980000)
 Metaspace       used 743K, capacity 4480K, committed 4480K, reserved 1056768K
  class space    used 75K, capacity 384K, committed 384K, reserved 1048576K

Card table byte_map: [0x0000000002af0000,0x0000000002cf0000] byte_map_base: 0x00000000024e0000

Marking Bits: (ParMarkBitMap*) 0x0000000070dea5b0
 Begin Bits: [0x0000000003240000, 0x00000000041c0000)
 End Bits:   [0x00000000041c0000, 0x0000000005140000)

Polling page: 0x0000000000aa0000

CodeCache: size=245760Kb used=328Kb max_used=328Kb free=245431Kb
 bounds [0x000000000f010000, 0x000000000f280000, 0x000000001e010000]
 total_blobs=57 nmethods=0 adapters=37
 compilation: enabled

Compilation events (0 events):
No events

GC Heap History (0 events):
No events

Deoptimization events (0 events):
No events

Internal exceptions (0 events):
No events

Events (10 events):
Event: 0.152 loading class java/lang/Short
Event: 0.152 loading class java/lang/Short done
Event: 0.152 loading class java/lang/Integer
Event: 0.152 loading class java/lang/Integer done
Event: 0.152 loading class java/lang/Long
Event: 0.152 loading class java/lang/Long done
Event: 0.153 loading class java/lang/NullPointerException
Event: 0.153 loading class java/lang/NullPointerException done
Event: 0.153 loading class java/lang/ArithmeticException
Event: 0.153 loading class java/lang/ArithmeticException done


Dynamic libraries:
0x00007ff6f82e0000 - 0x00007ff6f8317000 	C:\Program Files\Java\jre1.8.0_66\bin\javaw.exe
0x00007ff92da10000 - 0x00007ff92dbd1000 	C:\WINDOWS\SYSTEM32\ntdll.dll
0x00007ff92c830000 - 0x00007ff92c8dd000 	C:\WINDOWS\system32\KERNEL32.DLL
0x00007ff92a580000 - 0x00007ff92a768000 	C:\WINDOWS\system32\KERNELBASE.dll
0x00007ff92c670000 - 0x00007ff92c717000 	C:\WINDOWS\system32\ADVAPI32.dll
0x00007ff92ac50000 - 0x00007ff92aced000 	C:\WINDOWS\system32\msvcrt.dll
0x00007ff92d840000 - 0x00007ff92d89b000 	C:\WINDOWS\system32\sechost.dll
0x00007ff92d390000 - 0x00007ff92d4ac000 	C:\WINDOWS\system32\RPCRT4.dll
0x00007ff92c8e0000 - 0x00007ff92ca36000 	C:\WINDOWS\system32\USER32.dll
0x00007ff92cff0000 - 0x00007ff92d176000 	C:\WINDOWS\system32\GDI32.dll
0x00007ff925730000 - 0x00007ff9259a4000 	C:\WINDOWS\WinSxS\amd64_microsoft.windows.common-controls_6595b64144ccf1df_6.0.10586.0_none_8c15ae12515e1c22\COMCTL32.dll
0x00007ff92ad50000 - 0x00007ff92afcd000 	C:\WINDOWS\system32\combase.dll
0x00007ff929e70000 - 0x00007ff929eda000 	C:\WINDOWS\system32\bcryptPrimitives.dll
0x00007ff92d9d0000 - 0x00007ff92da0b000 	C:\WINDOWS\system32\IMM32.DLL
0x00007ff929cf0000 - 0x00007ff929d21000 	C:\Windows\system32\nvinitx.dll
0x00007ff929ce0000 - 0x00007ff929cea000 	C:\WINDOWS\SYSTEM32\VERSION.dll
0x000000000f000000 - 0x000000000f006000 	C:\Program Files\NVIDIA Corporation\CoProcManager\_etoured.dll
0x00007ff9284c0000 - 0x00007ff9284f2000 	C:\Program Files\NVIDIA Corporation\CoProcManager\nvd3d9wrapx.dll
0x00007ff92ca40000 - 0x00007ff92ce69000 	C:\WINDOWS\system32\SETUPAPI.dll
0x00007ff92abf0000 - 0x00007ff92ac33000 	C:\WINDOWS\system32\CFGMGR32.dll
0x00007ff928490000 - 0x00007ff9284b2000 	C:\Program Files\NVIDIA Corporation\CoProcManager\nvdxgiwrapx.dll
0x0000000070500000 - 0x00000000705d2000 	C:\Program Files\Java\jre1.8.0_66\bin\msvcr100.dll
0x00000000705e0000 - 0x0000000070e69000 	C:\Program Files\Java\jre1.8.0_66\bin\server\jvm.dll
0x00007ff929ee0000 - 0x00007ff929f03000 	C:\WINDOWS\system32\WINMM.dll
0x00007ff929e20000 - 0x00007ff929e4c000 	C:\WINDOWS\system32\WINMMBASE.dll
0x00007ff91e7c0000 - 0x00007ff91e7c9000 	C:\WINDOWS\SYSTEM32\WSOCK32.dll
0x00007ff92cfe0000 - 0x00007ff92cfe8000 	C:\WINDOWS\system32\PSAPI.DLL
0x00007ff92afd0000 - 0x00007ff92b03b000 	C:\WINDOWS\system32\WS2_32.dll
0x00000000711b0000 - 0x00000000711bf000 	C:\Program Files\Java\jre1.8.0_66\bin\verify.dll
0x0000000071180000 - 0x00000000711a9000 	C:\Program Files\Java\jre1.8.0_66\bin\java.dll
0x0000000071120000 - 0x0000000071136000 	C:\Program Files\Java\jre1.8.0_66\bin\zip.dll

VM Arguments:
jvm_args: -Dfile.encoding=GBK 
java_command: PublicChatRoom
java_class_path (initial): C:\Users\xiangzi\workspace\test1
Launcher Type: SUN_STANDARD

Environment Variables:
PATH=C:/Program Files/Java/jre1.8.0_66/bin/server;C:/Program Files/Java/jre1.8.0_66/bin;C:/Program Files/Java/jre1.8.0_66/lib/amd64;C:\ProgramData\Oracle\Java\javapath;C:\WINDOWS\system32;C:\WINDOWS;C:\WINDOWS\System32\Wbem;C:\WINDOWS\System32\WindowsPowerShell\v1.0\;C:\Program Files (x86)\Intel\OpenCL SDK\2.0\bin\x86;C:\Program Files (x86)\Intel\OpenCL SDK\2.0\bin\x64;C:\Program Files\OpenVPN\bin;C:\Program Files\Microsoft SQL Server\120\Tools\Binn\;C:\Program Files (x86)\Windows Kits\10\Windows Performance Toolkit\;C:\Program Files (x86)\nodejs\;C:\WINDOWS\system32\config\systemprofile\.dnx\bin;C:\Program Files\Microsoft DNX\Dnvm\;C:\FPC\2.6.4\bin\i386-Win32;C:\FPC\2.6.4\bin\i386-Win32;C:\Users\xiangzi\AppData\Roaming\npm;D:\Education\SoftwareEngineering\eclipse-java-mars-1-win32-x86_64\eclipse;
USERNAME=xiangzi
OS=Windows_NT
PROCESSOR_IDENTIFIER=Intel64 Family 6 Model 58 Stepping 9, GenuineIntel



---------------  S Y S T E M  ---------------

OS: Windows 10.0 , 64 bit Build 10586 (10.0.10586.0)

CPU:total 4 (2 cores per cpu, 2 threads per core) family 6 model 58 stepping 9, cmov, cx8, fxsr, mmx, sse, sse2, sse3, ssse3, sse4.1, sse4.2, popcnt, avx, aes, clmul, erms, ht, tsc, tscinvbit, tscinv

Memory: 4k page, physical 4057596k(581332k free), swap 16640508k(6324k free)

vm_info: Java HotSpot(TM) 64-Bit Server VM (25.66-b17) for windows-amd64 JRE (1.8.0_66-b17), built on Oct  6 2015 18:55:33 by "java_re" with MS VC++ 10.0 (VS2010)

time: Thu Jan 07 23:50:37 2016
elapsed time: 0 seconds (0d 0h 0m 0s)

